A D/libahdi////
A D/libarchive////
A D/libasn1////
A D/libatf////
A D/libatf-c////
A D/libatf-c++////
A D/libbind9////
A D/libcdk////
A D/libcom_err////
A D/libcrypto////
A D/libcrypto_idea////
A D/libcrypto_mdc2////
A D/libcrypto_rc5////
A D/libdes////
A D/libdns////
A D/libevent////
A D/libgssapi////
A D/libhdb////
A D/libheimntlm////
A D/libhx509////
A D/libisc////
A D/libisccc////
A D/libisccfg////
A D/libiscsi////
A D/libkadm////
A D/libkadm5////
A D/libkadm5clnt////
A D/libkadm5srv////
A D/libkafs////
A D/libkdb////
A D/libkrb////
A D/libkrb5////
A D/libkstream////
A D/libkvm.old////
A D/libl////
A D/libmagic////
A D/libntp////
A D/libopenpgpsdk////
A D/libpcap////
A D/libpthread_dbg////
A D/libroken////
A D/librpc////
A D/librumpcrypto////
A D/librumpres////
A D/libsdp////
A D/libsl////
A D/libssh////
A D/libssl////
A D/libssp////
A D/libstdthreads////
A D/libsyscall////
A D/libterm////
A D/libusb////
A D/libvdisk////
A D/libvers////
A D/libxpg4////
A D/localemod////
A D/runemodule////
R D/runemodule////
R D/localemod////
R D/libxpg4////
R D/libvers////
R D/libvdisk////
R D/libusb////
R D/libterm////
R D/libsyscall////
R D/libstdthreads////
R D/libssp////
R D/libssl////
R D/libssh////
R D/libsl////
R D/libsdp////
R D/librumpres////
R D/librumpcrypto////
R D/librpc////
R D/libroken////
R D/libpthread_dbg////
R D/libpcap////
R D/libopenpgpsdk////
R D/libntp////
R D/libmagic////
R D/libl////
R D/libkvm.old////
R D/libkstream////
R D/libkrb5////
R D/libkrb////
R D/libkdb////
R D/libkafs////
R D/libkadm5srv////
R D/libkadm5clnt////
R D/libkadm5////
R D/libkadm////
R D/libiscsi////
R D/libisccfg////
R D/libisccc////
R D/libisc////
R D/libhx509////
R D/libheimntlm////
R D/libhdb////
R D/libgssapi////
R D/libevent////
R D/libdns////
R D/libdes////
R D/libcrypto_rc5////
R D/libcrypto_mdc2////
R D/libcrypto_idea////
R D/libcrypto////
R D/libcom_err////
R D/libcdk////
R D/libbind9////
R D/libatf-c++////
R D/libatf-c////
R D/libatf////
R D/libasn1////
R D/libarchive////
R D/libahdi////
