A D/accf_data////
A D/accf_http////
A D/compat_irix////
A D/compat_sysv////
A D/dirhash////
A D/drm2////
A D/drm2pci////
A D/example////
A D/filecorefs////
A D/i915drm2////
A D/ip_ecn////
A D/ksem////
A D/luacore////
A D/luadata////
A D/msdosfs////
A D/npf_ext_normalise////
A D/npf_ext_route////
A D/nullfs////
A D/portal////
A D/ppp////
A D/raidframe////
A D/securechroot////
A D/spkr_synth////
A D/umapfs////
A D/wsbell////
R D/wsbell////
R D/umapfs////
R D/spkr_synth////
R D/securechroot////
R D/raidframe////
R D/ppp////
R D/portal////
R D/nullfs////
R D/npf_ext_route////
R D/npf_ext_normalise////
R D/msdosfs////
R D/luadata////
R D/luacore////
R D/ksem////
R D/ip_ecn////
R D/i915drm2////
R D/filecorefs////
R D/example////
R D/drm2pci////
R D/drm2////
R D/dirhash////
R D/compat_sysv////
R D/compat_irix////
R D/accf_http////
R D/accf_data////
