A D/atf-cleanup////
A D/atf-exec////
A D/atf-format////
A D/atf-killpg////
A D/bootpd////
A D/bootpgw////
A D/bugfiler////
A D/cron////
A D/crond////
A D/elvispreserve////
A D/ftp-proxy////
A D/hprop////
A D/hpropd////
A D/ipropd-master////
A D/ipropd-slave////
A D/kadmind////
A D/kdc////
A D/kfd////
A D/kpasswdd////
A D/rarpd////
A D/rmail////
A D/spamd////
A D/spamd-setup////
A D/spamlogd////
A D/uucpd////
R D/uucpd////
R D/spamlogd////
R D/spamd-setup////
R D/spamd////
R D/rmail////
R D/rarpd////
R D/kpasswdd////
R D/kfd////
R D/kdc////
R D/kadmind////
R D/ipropd-slave////
R D/ipropd-master////
R D/hpropd////
R D/hprop////
R D/ftp-proxy////
R D/elvispreserve////
R D/crond////
R D/cron////
R D/bugfiler////
R D/bootpgw////
R D/bootpd////
R D/atf-killpg////
R D/atf-format////
R D/atf-exec////
R D/atf-cleanup////
