A D/ar////
A D/atf-check////
A D/atf-compile////
A D/atf-config////
A D/atf-report////
A D/atf-run////
A D/atf-version////
A D/audioctl////
A D/awk////
A D/colldef////
A D/compile_et////
A D/cpio////
A D/crontab////
A D/elfstrip////
A D/elvis////
A D/elvisrecover////
A D/fdeject////
A D/file////
A D/groups////
A D/gss////
A D/hxtool////
A D/kdestroy////
A D/kf////
A D/kgetcred////
A D/kinit////
A D/kpasswd////
A D/krb5-config////
A D/less////
A D/lex////
A D/localedef////
A D/mk_cmds////
A D/modstat////
A D/more////
A D/nm////
A D/nvi////
A D/openssl////
A D/paxctl////
A D/pcc////
A D/ranlib////
A D/rcs////
A D/ref////
A D/rump_miniserver////
A D/sccs////
A D/size////
A D/ssh////
A D/string2key////
A D/strings////
A D/strip////
A D/symorder////
A D/tac////
A D/tn3270////
A D/top////
A D/verify_krb5_conf////
A D/vi////
A D/which////
A D/whoami////
A D/window////
A D/yacc////
R D/yacc////
R D/window////
R D/whoami////
R D/which////
R D/vi////
R D/verify_krb5_conf////
R D/top////
R D/tn3270////
R D/tac////
R D/symorder////
R D/strip////
R D/strings////
R D/string2key////
R D/ssh////
R D/size////
R D/sccs////
R D/rump_miniserver////
R D/ref////
R D/rcs////
R D/ranlib////
R D/pcc////
R D/paxctl////
R D/openssl////
R D/nvi////
R D/nm////
R D/more////
R D/modstat////
R D/mk_cmds////
R D/localedef////
R D/lex////
R D/less////
R D/krb5-config////
R D/kpasswd////
R D/kinit////
R D/kgetcred////
R D/kf////
R D/kdestroy////
R D/hxtool////
R D/gss////
R D/groups////
R D/file////
R D/fdeject////
R D/elvisrecover////
R D/elvis////
R D/elfstrip////
R D/crontab////
R D/cpio////
R D/compile_et////
R D/colldef////
R D/awk////
R D/audioctl////
R D/atf-version////
R D/atf-run////
R D/atf-report////
R D/atf-config////
R D/atf-compile////
R D/atf-check////
R D/ar////
