A D/accountant////
A D/amd////
A D/authpf////
A D/bind////
A D/bootpd////
A D/bootpef////
A D/bootpgw////
A D/bootptest////
A D/btcontrol////
A D/btuartd////
A D/chown////
A D/chrtbl////
A D/config////
A D/config.new////
A D/config.old////
A D/cron////
A D/dbsym////
A D/dhcp////
A D/dhcpd////
A D/flcopy////
A D/fsx////
A D/genassym////
A D/gettable////
A D/gifconfig////
A D/greconfig////
A D/grfinfo////
A D/hilinfo////
A D/hprop////
A D/hsoctl////
A D/htable////
A D/ipf////
A D/ipfstat////
A D/ipftest////
A D/ipmon////
A D/ipnat////
A D/iprop-log////
A D/iscsi////
A D/kadmin////
A D/kcm////
A D/kdc////
A D/kdigest////
A D/kimpersonate////
A D/kstash////
A D/ktutil////
A D/mbrlabel////
A D/mtest////
A D/mtrace6////
A D/named////
A D/nfsiod////
A D/ntp////
A D/pim6dd////
A D/pim6sd////
A D/pkg_install////
A D/pmap////
A D/portmap////
A D/pppd////
A D/quotactl////
A D/rdconfig////
A D/rdsetimage////
A D/rwalld////
A D/sendmail////
A D/setkey////
A D/slstats////
A D/sntp////
A D/spamdb////
A D/sunndd////
A D/sushi////
A D/swapinfo////
A D/sysctl////
A D/tcpdump////
A D/trsp////
A D/update////
A D/usbd////
A D/wake////
A D/wpa////
A D/xntp////
A D/yp////
R D/yp////
R D/xntp////
R D/wpa////
R D/wake////
R D/usbd////
R D/update////
R D/trsp////
R D/tcpdump////
R D/sysctl////
R D/swapinfo////
R D/sushi////
R D/sunndd////
R D/spamdb////
R D/sntp////
R D/slstats////
R D/setkey////
R D/sendmail////
R D/rwalld////
R D/rdsetimage////
R D/rdconfig////
R D/quotactl////
R D/pppd////
R D/portmap////
R D/pmap////
R D/pkg_install////
R D/pim6sd////
R D/pim6dd////
R D/ntp////
R D/nfsiod////
R D/named////
R D/mtrace6////
R D/mtest////
R D/mbrlabel////
R D/ktutil////
R D/kstash////
R D/kimpersonate////
R D/kdigest////
R D/kdc////
R D/kcm////
R D/kadmin////
R D/iscsi////
R D/iprop-log////
R D/ipnat////
R D/ipmon////
R D/ipftest////
R D/ipfstat////
R D/ipf////
R D/htable////
R D/hsoctl////
R D/hprop////
R D/hilinfo////
R D/grfinfo////
R D/greconfig////
R D/gifconfig////
R D/gettable////
R D/genassym////
R D/fsx////
R D/flcopy////
R D/dhcpd////
R D/dhcp////
R D/dbsym////
R D/cron////
R D/config.old////
R D/config.new////
R D/config////
R D/chrtbl////
R D/chown////
R D/btuartd////
R D/btcontrol////
R D/bootptest////
R D/bootpgw////
R D/bootpef////
R D/bootpd////
R D/bind////
R D/authpf////
R D/amd////
R D/accountant////
