A D/base-adosfs-lkm////
A D/base-coda-lkm////
A D/base-ext2fs-lkm////
A D/base-ipf-bin////
A D/base-ipf-lkm////
A D/base-ipf-root////
A D/base-krb4-root////
A D/base-krb4-shlib////
A D/base-miscfs-lkm////
A D/base-ntfs-lkm////
A D/base-pf-bin////
A D/base-pf-lkm////
A D/base-pf-root////
A D/base-sushi-bin////
A D/base-sushi-share////
A D/base-sushi_locale-share////
A D/base-sys-lkm////
A D/base-tn3270-bin////
R D/base-tn3270-bin////
R D/base-sys-lkm////
R D/base-sushi_locale-share////
R D/base-sushi-share////
R D/base-sushi-bin////
R D/base-pf-root////
R D/base-pf-lkm////
R D/base-pf-bin////
R D/base-ntfs-lkm////
R D/base-miscfs-lkm////
R D/base-krb4-shlib////
R D/base-krb4-root////
R D/base-ipf-root////
R D/base-ipf-lkm////
R D/base-ipf-bin////
R D/base-ext2fs-lkm////
R D/base-coda-lkm////
R D/base-adosfs-lkm////
