A D/atf////
A D/default////
A D/etc.arm26////
A D/etc.arm32////
A D/etc.evbsh5////
A D/etc.hp700////
A D/etc.pc532////
A D/etc.pmppc////
A D/etc.sun3x////
A D/etc.svr4////
A D/etc.ultrix////
A D/etc.walnut////
A D/etc.x86_64////
A D/etc.xen////
A D/kerberosIV////
A D/periodic.d////
A D/ppp////
A D/rc.conf.d////
R D/rc.conf.d////
R D/ppp////
R D/periodic.d////
R D/kerberosIV////
R D/etc.xen////
R D/etc.x86_64////
R D/etc.walnut////
R D/etc.ultrix////
R D/etc.svr4////
R D/etc.sun3x////
R D/etc.pmppc////
R D/etc.pc532////
R D/etc.hp700////
R D/etc.evbsh5////
R D/etc.arm32////
R D/etc.arm26////
R D/default////
R D/atf////
