A D/arm26////
A D/arm32////
A D/ataristand////
A D/da30////
A D/dnard////
A D/hp700////
A D/javascript////
A D/m88k////
A D/mac////
A D/mvme88k////
A D/news////
A D/openblocks405////
A D/pc532////
A D/pdp10////
A D/pica////
A D/pmppc////
A D/sun3x////
A D/walnut////
A D/x86_64////
A D/xenamd64////
R D/xenamd64////
R D/x86_64////
R D/walnut////
R D/sun3x////
R D/pmppc////
R D/pica////
R D/pdp10////
R D/pc532////
R D/openblocks405////
R D/news////
R D/mvme88k////
R D/mac////
R D/m88k////
R D/javascript////
R D/hp700////
R D/dnard////
R D/da30////
R D/ataristand////
R D/arm32////
R D/arm26////
