A D/bim////
A D/devfsd////
A D/dhcpcd////
A D/dumpfs////
A D/dumplfs////
A D/edlabel////
A D/growfs////
A D/halt////
A D/ipf////
A D/lmcctl////
A D/mount_devfs////
A D/mount_hfsp////
A D/mount_isofs////
A D/mount_lofs////
A D/mount_miscfs////
A D/mount_pcfs////
A D/mount_qemufwcfg////
A D/mount_smbfs////
A D/mountd////
A D/newlfs////
A D/nfsd////
A D/nfsiod////
A D/pdisk////
A D/pfctl////
A D/quotacheck////
A D/racoon////
A D/rtsol////
A D/savecore.old////
A D/scanffs////
A D/swap////
A D/swapon////
A D/verifiedexec_load////
A D/vinum////
A D/wdctl////
R D/wdctl////
R D/vinum////
R D/verifiedexec_load////
R D/swapon////
R D/swap////
R D/scanffs////
R D/savecore.old////
R D/rtsol////
R D/racoon////
R D/quotacheck////
R D/pfctl////
R D/pdisk////
R D/nfsiod////
R D/nfsd////
R D/newlfs////
R D/mountd////
R D/mount_smbfs////
R D/mount_qemufwcfg////
R D/mount_pcfs////
R D/mount_miscfs////
R D/mount_lofs////
R D/mount_isofs////
R D/mount_hfsp////
R D/mount_devfs////
R D/lmcctl////
R D/ipf////
R D/halt////
R D/growfs////
R D/edlabel////
R D/dumplfs////
R D/dumpfs////
R D/dhcpcd////
R D/devfsd////
R D/bim////
