A D/amiga-aout2bb////
A D/atf-compile////
A D/bebox-elf2pef////
A D/bebox-mkbootimage////
A D/bmake////
A D/dumpfs////
A D/hp700-mkboot////
A D/nbmachine////
A D/prep-mkbootimage////
A D/sparc-installboot////
A D/toolchain////
A D/vax-installboot////
R D/vax-installboot////
R D/toolchain////
R D/sparc-installboot////
R D/prep-mkbootimage////
R D/nbmachine////
R D/hp700-mkboot////
R D/dumpfs////
R D/bmake////
R D/bebox-mkbootimage////
R D/bebox-elf2pef////
R D/atf-compile////
R D/amiga-aout2bb////
