A D/callout1////
A D/extent////
A D/lkmcommon////
A D/lock////
A D/lockf////
A D/lockf2////
A D/lwpctl////
A D/mqueue////
A D/mutex1////
A D/mutex2////
A D/pipe////
A D/poll////
A D/priority_inheritance1////
A D/rwlock1////
A D/sigtramp////
A D/sleeping////
A D/sysvmsg////
A D/sysvsem////
A D/sysvshm////
A D/time////
A D/ucontext////
A D/umount////
A D/write_append////
A D/writev////
R D/writev////
R D/write_append////
R D/umount////
R D/ucontext////
R D/time////
R D/sysvshm////
R D/sysvsem////
R D/sysvmsg////
R D/sleeping////
R D/sigtramp////
R D/rwlock1////
R D/priority_inheritance1////
R D/poll////
R D/pipe////
R D/mutex2////
R D/mutex1////
R D/mqueue////
R D/lwpctl////
R D/lockf2////
R D/lockf////
R D/lock////
R D/lkmcommon////
R D/extent////
R D/callout1////
